2021-02-17 04:24:34,659 [Worker-0] INFO  c.g.t.t.d.PublishedGradleVersions - Gradle version information cache is up-to-date. Trying to read.
2021-02-17 04:25:12,758 [Worker-7] INFO  o.e.m.c.i.l.LifecycleMappingFactory - Using org.eclipse.m2e.jdt.JarLifecycleMapping lifecycle mapping for MavenProject: com.todoapp.rest.webservices:restful-web-services:0.0.1-SNAPSHOT @ C:\Snehal\MS\Semester4\ExtraProjects\Mavan\restful-web-services\restful-web-services\pom.xml.
2021-02-17 04:25:13,806 [Worker-7] WARN  o.e.m.j.i.AbstractJavaProjectConfigurator - Could not determine source level, using default 1.5
2021-02-17 04:25:13,807 [Worker-7] WARN  o.e.m.j.i.AbstractJavaProjectConfigurator - Could not determine target level, using default 1.5
2021-02-17 04:25:14,070 [Worker-7] INFO  o.e.m.j.i.AbstractJavaProjectConfigurator - Adding source folder /restful-web-services/src/main/java
2021-02-17 04:25:14,070 [Worker-7] INFO  o.e.m.j.i.AbstractJavaProjectConfigurator - Adding resource folder /restful-web-services/src/main/resources
2021-02-17 04:25:14,071 [Worker-7] INFO  o.e.m.j.i.AbstractJavaProjectConfigurator - Adding resource folder /restful-web-services/src/main/resources
2021-02-17 04:25:14,071 [Worker-7] INFO  o.e.m.j.i.AbstractJavaProjectConfigurator - Adding source folder /restful-web-services/src/test/java
2021-02-17 04:25:14,284 [Worker-7] INFO  o.e.m.c.i.p.ProjectConfigurationManager - Imported and configured 1 project(s) in 3 sec
2021-02-17 04:25:15,757 [Worker-17] INFO  o.e.m.c.i.embedder.EclipseLogger - Using 'UTF-8' encoding to copy filtered resources.
2021-02-17 04:25:15,757 [Worker-17] INFO  o.e.m.c.i.embedder.EclipseLogger - Using 'UTF-8' encoding to copy filtered properties files.
2021-02-17 04:25:15,763 [Worker-17] INFO  o.e.m.c.i.embedder.EclipseLogger - Copying 1 resource
2021-02-17 04:25:15,788 [Worker-17] INFO  o.e.m.c.i.embedder.EclipseLogger - Copying 0 resource
2021-02-17 04:25:15,792 [Worker-17] INFO  o.e.m.c.i.embedder.EclipseLogger - Using 'UTF-8' encoding to copy filtered resources.
2021-02-17 04:25:15,792 [Worker-17] INFO  o.e.m.c.i.embedder.EclipseLogger - Using 'UTF-8' encoding to copy filtered properties files.
2021-02-17 04:25:15,792 [Worker-17] INFO  o.e.m.c.i.embedder.EclipseLogger - skip non existing resourceDirectory C:\Snehal\MS\Semester4\ExtraProjects\Mavan\restful-web-services\restful-web-services\src\test\resources
2021-02-17 04:28:43,400 [Worker-11] INFO  o.e.m.c.i.embedder.EclipseLogger - Using 'UTF-8' encoding to copy filtered resources.
2021-02-17 04:28:43,401 [Worker-11] INFO  o.e.m.c.i.embedder.EclipseLogger - Using 'UTF-8' encoding to copy filtered properties files.
2021-02-17 04:28:43,402 [Worker-11] INFO  o.e.m.c.i.embedder.EclipseLogger - Copying 0 resource
2021-02-17 04:28:43,402 [Worker-11] INFO  o.e.m.c.i.embedder.EclipseLogger - Copying 0 resource
2021-02-17 04:28:43,404 [Worker-11] INFO  o.e.m.c.i.embedder.EclipseLogger - Using 'UTF-8' encoding to copy filtered resources.
2021-02-17 04:28:43,404 [Worker-11] INFO  o.e.m.c.i.embedder.EclipseLogger - Using 'UTF-8' encoding to copy filtered properties files.
2021-02-17 04:28:43,405 [Worker-11] INFO  o.e.m.c.i.embedder.EclipseLogger - skip non existing resourceDirectory C:\Snehal\MS\Semester4\ExtraProjects\Mavan\restful-web-services\restful-web-services\src\test\resources
2021-02-17 04:41:38,308 [Worker-19] INFO  o.e.m.c.i.embedder.EclipseLogger - Using 'UTF-8' encoding to copy filtered resources.
2021-02-17 04:41:38,308 [Worker-19] INFO  o.e.m.c.i.embedder.EclipseLogger - Using 'UTF-8' encoding to copy filtered properties files.
2021-02-17 04:41:38,311 [Worker-19] INFO  o.e.m.c.i.embedder.EclipseLogger - Copying 1 resource
2021-02-17 04:41:38,332 [Worker-19] INFO  o.e.m.c.i.embedder.EclipseLogger - Copying 0 resource
2021-02-17 04:41:38,335 [Worker-19] INFO  o.e.m.c.i.embedder.EclipseLogger - Using 'UTF-8' encoding to copy filtered resources.
2021-02-17 04:41:38,336 [Worker-19] INFO  o.e.m.c.i.embedder.EclipseLogger - Using 'UTF-8' encoding to copy filtered properties files.
2021-02-17 04:41:38,336 [Worker-19] INFO  o.e.m.c.i.embedder.EclipseLogger - skip non existing resourceDirectory C:\Snehal\MS\Semester4\ExtraProjects\Mavan\restful-web-services\restful-web-services\src\test\resources
2021-02-17 04:42:33,873 [Worker-16] INFO  o.e.m.c.i.embedder.EclipseLogger - Using 'UTF-8' encoding to copy filtered resources.
2021-02-17 04:42:33,873 [Worker-16] INFO  o.e.m.c.i.embedder.EclipseLogger - Using 'UTF-8' encoding to copy filtered properties files.
2021-02-17 04:42:33,874 [Worker-16] INFO  o.e.m.c.i.embedder.EclipseLogger - Copying 1 resource
2021-02-17 04:42:33,881 [Worker-16] INFO  o.e.m.c.i.embedder.EclipseLogger - Copying 0 resource
2021-02-17 04:42:33,883 [Worker-16] INFO  o.e.m.c.i.embedder.EclipseLogger - Using 'UTF-8' encoding to copy filtered resources.
2021-02-17 04:42:33,883 [Worker-16] INFO  o.e.m.c.i.embedder.EclipseLogger - Using 'UTF-8' encoding to copy filtered properties files.
2021-02-17 04:42:33,883 [Worker-16] INFO  o.e.m.c.i.embedder.EclipseLogger - skip non existing resourceDirectory C:\Snehal\MS\Semester4\ExtraProjects\Mavan\restful-web-services\restful-web-services\src\test\resources
2021-02-17 04:42:49,674 [Worker-14] INFO  o.e.m.c.i.embedder.EclipseLogger - Using 'UTF-8' encoding to copy filtered resources.
2021-02-17 04:42:49,674 [Worker-14] INFO  o.e.m.c.i.embedder.EclipseLogger - Using 'UTF-8' encoding to copy filtered properties files.
2021-02-17 04:42:49,675 [Worker-14] INFO  o.e.m.c.i.embedder.EclipseLogger - Copying 1 resource
2021-02-17 04:42:49,696 [Worker-14] INFO  o.e.m.c.i.embedder.EclipseLogger - Copying 0 resource
2021-02-17 04:42:49,698 [Worker-14] INFO  o.e.m.c.i.embedder.EclipseLogger - Using 'UTF-8' encoding to copy filtered resources.
2021-02-17 04:42:49,698 [Worker-14] INFO  o.e.m.c.i.embedder.EclipseLogger - Using 'UTF-8' encoding to copy filtered properties files.
2021-02-17 04:42:49,698 [Worker-14] INFO  o.e.m.c.i.embedder.EclipseLogger - skip non existing resourceDirectory C:\Snehal\MS\Semester4\ExtraProjects\Mavan\restful-web-services\restful-web-services\src\test\resources
2021-02-17 04:43:46,972 [Worker-16] INFO  o.e.m.c.i.embedder.EclipseLogger - Using 'UTF-8' encoding to copy filtered resources.
2021-02-17 04:43:46,972 [Worker-16] INFO  o.e.m.c.i.embedder.EclipseLogger - Using 'UTF-8' encoding to copy filtered properties files.
2021-02-17 04:43:46,973 [Worker-16] INFO  o.e.m.c.i.embedder.EclipseLogger - Copying 1 resource
2021-02-17 04:43:46,997 [Worker-16] INFO  o.e.m.c.i.embedder.EclipseLogger - Copying 0 resource
2021-02-17 04:43:46,998 [Worker-16] INFO  o.e.m.c.i.embedder.EclipseLogger - Using 'UTF-8' encoding to copy filtered resources.
2021-02-17 04:43:46,998 [Worker-16] INFO  o.e.m.c.i.embedder.EclipseLogger - Using 'UTF-8' encoding to copy filtered properties files.
2021-02-17 04:43:46,999 [Worker-16] INFO  o.e.m.c.i.embedder.EclipseLogger - skip non existing resourceDirectory C:\Snehal\MS\Semester4\ExtraProjects\Mavan\restful-web-services\restful-web-services\src\test\resources
2021-02-17 04:47:49,923 [Worker-21] INFO  o.e.m.c.i.embedder.EclipseLogger - Using 'UTF-8' encoding to copy filtered resources.
2021-02-17 04:47:49,923 [Worker-21] INFO  o.e.m.c.i.embedder.EclipseLogger - Using 'UTF-8' encoding to copy filtered properties files.
2021-02-17 04:47:49,924 [Worker-21] INFO  o.e.m.c.i.embedder.EclipseLogger - Copying 1 resource
2021-02-17 04:47:49,933 [Worker-21] INFO  o.e.m.c.i.embedder.EclipseLogger - Copying 0 resource
2021-02-17 04:47:49,934 [Worker-21] INFO  o.e.m.c.i.embedder.EclipseLogger - Using 'UTF-8' encoding to copy filtered resources.
2021-02-17 04:47:49,935 [Worker-21] INFO  o.e.m.c.i.embedder.EclipseLogger - Using 'UTF-8' encoding to copy filtered properties files.
2021-02-17 04:47:49,935 [Worker-21] INFO  o.e.m.c.i.embedder.EclipseLogger - skip non existing resourceDirectory C:\Snehal\MS\Semester4\ExtraProjects\Mavan\restful-web-services\restful-web-services\src\test\resources
2021-02-17 04:47:51,847 [Worker-19] INFO  o.e.m.c.i.embedder.EclipseLogger - Using 'UTF-8' encoding to copy filtered resources.
2021-02-17 04:47:51,847 [Worker-19] INFO  o.e.m.c.i.embedder.EclipseLogger - Using 'UTF-8' encoding to copy filtered properties files.
2021-02-17 04:47:51,848 [Worker-19] INFO  o.e.m.c.i.embedder.EclipseLogger - Copying 1 resource
2021-02-17 04:47:51,864 [Worker-19] INFO  o.e.m.c.i.embedder.EclipseLogger - Copying 0 resource
2021-02-17 04:47:51,869 [Worker-19] INFO  o.e.m.c.i.embedder.EclipseLogger - Using 'UTF-8' encoding to copy filtered resources.
2021-02-17 04:47:51,869 [Worker-19] INFO  o.e.m.c.i.embedder.EclipseLogger - Using 'UTF-8' encoding to copy filtered properties files.
2021-02-17 04:47:51,870 [Worker-19] INFO  o.e.m.c.i.embedder.EclipseLogger - skip non existing resourceDirectory C:\Snehal\MS\Semester4\ExtraProjects\Mavan\restful-web-services\restful-web-services\src\test\resources
2021-02-17 04:48:09,746 [Worker-16] INFO  o.e.m.c.i.embedder.EclipseLogger - Using 'UTF-8' encoding to copy filtered resources.
2021-02-17 04:48:09,746 [Worker-16] INFO  o.e.m.c.i.embedder.EclipseLogger - Using 'UTF-8' encoding to copy filtered properties files.
2021-02-17 04:48:09,747 [Worker-16] INFO  o.e.m.c.i.embedder.EclipseLogger - Copying 1 resource
2021-02-17 04:48:09,753 [Worker-16] INFO  o.e.m.c.i.embedder.EclipseLogger - Copying 0 resource
2021-02-17 04:48:09,755 [Worker-16] INFO  o.e.m.c.i.embedder.EclipseLogger - Using 'UTF-8' encoding to copy filtered resources.
2021-02-17 04:48:09,755 [Worker-16] INFO  o.e.m.c.i.embedder.EclipseLogger - Using 'UTF-8' encoding to copy filtered properties files.
2021-02-17 04:48:09,755 [Worker-16] INFO  o.e.m.c.i.embedder.EclipseLogger - skip non existing resourceDirectory C:\Snehal\MS\Semester4\ExtraProjects\Mavan\restful-web-services\restful-web-services\src\test\resources
2021-02-17 04:49:04,901 [Worker-22] WARN  o.e.r.models.ModelRepository - Failed to download org.eclipse.recommenders:index::zip:0.0.0
org.eclipse.aether.resolution.ArtifactResolutionException: Could not find artifact org.eclipse.recommenders:index:zip:0.0.0-SNAPSHOT in models (http://download.eclipse.org/recommenders/models/neon/)
	at org.eclipse.aether.internal.impl.DefaultArtifactResolver.resolve(DefaultArtifactResolver.java:444) ~[na:na]
	at org.eclipse.aether.internal.impl.DefaultArtifactResolver.resolveArtifacts(DefaultArtifactResolver.java:246) ~[na:na]
	at org.eclipse.aether.internal.impl.DefaultArtifactResolver.resolveArtifact(DefaultArtifactResolver.java:223) ~[na:na]
	at org.eclipse.aether.internal.impl.DefaultRepositorySystem.resolveArtifact(DefaultRepositorySystem.java:294) ~[na:na]
	at org.eclipse.recommenders.models.ModelRepository.resolveInternal(ModelRepository.java:193) [org.eclipse.recommenders.models_2.4.5.v20161130-1427.jar:na]
	at org.eclipse.recommenders.models.ModelRepository.resolve(ModelRepository.java:172) [org.eclipse.recommenders.models_2.4.5.v20161130-1427.jar:na]
	at org.eclipse.recommenders.internal.models.rcp.EclipseModelRepository.resolve(EclipseModelRepository.java:169) [org.eclipse.recommenders.models.rcp_2.4.5.v20161130-1427.jar:na]
	at org.eclipse.recommenders.internal.models.rcp.DownloadModelArchiveJob.run(DownloadModelArchiveJob.java:76) [org.eclipse.recommenders.models.rcp_2.4.5.v20161130-1427.jar:na]
	at org.eclipse.core.internal.jobs.Worker.run(Worker.java:55) [org.eclipse.core.jobs_3.8.0.v20160509-0411.jar:na]
Caused by: org.eclipse.aether.transfer.ArtifactNotFoundException: Could not find artifact org.eclipse.recommenders:index:zip:0.0.0-SNAPSHOT in models (http://download.eclipse.org/recommenders/models/neon/)
	at org.eclipse.aether.connector.basic.ArtifactTransportListener.transferFailed(ArtifactTransportListener.java:39) ~[org.eclipse.aether.connector.basic_1.0.1.v20141111.jar:na]
	at org.eclipse.aether.connector.basic.BasicRepositoryConnector$TaskRunner.run(BasicRepositoryConnector.java:355) ~[org.eclipse.aether.connector.basic_1.0.1.v20141111.jar:na]
	at org.eclipse.aether.util.concurrency.RunnableErrorForwarder$1.run(RunnableErrorForwarder.java:67) ~[na:na]
	at org.eclipse.aether.connector.basic.BasicRepositoryConnector$DirectExecutor.execute(BasicRepositoryConnector.java:581) ~[org.eclipse.aether.connector.basic_1.0.1.v20141111.jar:na]
	at org.eclipse.aether.connector.basic.BasicRepositoryConnector.get(BasicRepositoryConnector.java:249) ~[org.eclipse.aether.connector.basic_1.0.1.v20141111.jar:na]
	at org.eclipse.aether.internal.impl.DefaultArtifactResolver.performDownloads(DefaultArtifactResolver.java:520) ~[na:na]
	at org.eclipse.aether.internal.impl.DefaultArtifactResolver.resolve(DefaultArtifactResolver.java:421) ~[na:na]
	... 8 common frames omitted
2021-02-17 04:49:47,795 [Worker-18] INFO  o.e.m.c.i.embedder.EclipseLogger - Using 'UTF-8' encoding to copy filtered resources.
2021-02-17 04:49:47,795 [Worker-18] INFO  o.e.m.c.i.embedder.EclipseLogger - Using 'UTF-8' encoding to copy filtered properties files.
2021-02-17 04:49:47,796 [Worker-18] INFO  o.e.m.c.i.embedder.EclipseLogger - Copying 1 resource
2021-02-17 04:49:47,802 [Worker-18] INFO  o.e.m.c.i.embedder.EclipseLogger - Copying 0 resource
2021-02-17 04:49:47,803 [Worker-18] INFO  o.e.m.c.i.embedder.EclipseLogger - Using 'UTF-8' encoding to copy filtered resources.
2021-02-17 04:49:47,803 [Worker-18] INFO  o.e.m.c.i.embedder.EclipseLogger - Using 'UTF-8' encoding to copy filtered properties files.
2021-02-17 04:49:47,803 [Worker-18] INFO  o.e.m.c.i.embedder.EclipseLogger - skip non existing resourceDirectory C:\Snehal\MS\Semester4\ExtraProjects\Mavan\restful-web-services\restful-web-services\src\test\resources
2021-02-17 04:54:42,479 [Worker-16] INFO  o.e.m.c.i.embedder.EclipseLogger - Using 'UTF-8' encoding to copy filtered resources.
2021-02-17 04:54:42,479 [Worker-16] INFO  o.e.m.c.i.embedder.EclipseLogger - Using 'UTF-8' encoding to copy filtered properties files.
2021-02-17 04:54:42,480 [Worker-16] INFO  o.e.m.c.i.embedder.EclipseLogger - Copying 1 resource
2021-02-17 04:54:42,488 [Worker-16] INFO  o.e.m.c.i.embedder.EclipseLogger - Copying 0 resource
2021-02-17 04:54:42,490 [Worker-16] INFO  o.e.m.c.i.embedder.EclipseLogger - Using 'UTF-8' encoding to copy filtered resources.
2021-02-17 04:54:42,490 [Worker-16] INFO  o.e.m.c.i.embedder.EclipseLogger - Using 'UTF-8' encoding to copy filtered properties files.
2021-02-17 04:54:42,490 [Worker-16] INFO  o.e.m.c.i.embedder.EclipseLogger - skip non existing resourceDirectory C:\Snehal\MS\Semester4\ExtraProjects\Mavan\restful-web-services\restful-web-services\src\test\resources
2021-02-17 05:05:17,484 [Worker-28] INFO  o.e.m.c.i.embedder.EclipseLogger - Using 'UTF-8' encoding to copy filtered resources.
2021-02-17 05:05:17,485 [Worker-28] INFO  o.e.m.c.i.embedder.EclipseLogger - Using 'UTF-8' encoding to copy filtered properties files.
2021-02-17 05:05:17,486 [Worker-28] INFO  o.e.m.c.i.embedder.EclipseLogger - Copying 1 resource
2021-02-17 05:05:17,494 [Worker-28] INFO  o.e.m.c.i.embedder.EclipseLogger - Copying 0 resource
2021-02-17 05:05:17,495 [Worker-28] INFO  o.e.m.c.i.embedder.EclipseLogger - Using 'UTF-8' encoding to copy filtered resources.
2021-02-17 05:05:17,496 [Worker-28] INFO  o.e.m.c.i.embedder.EclipseLogger - Using 'UTF-8' encoding to copy filtered properties files.
2021-02-17 05:05:17,496 [Worker-28] INFO  o.e.m.c.i.embedder.EclipseLogger - skip non existing resourceDirectory C:\Snehal\MS\Semester4\ExtraProjects\Mavan\restful-web-services\restful-web-services\src\test\resources
2021-02-17 05:05:22,413 [Worker-29] INFO  o.e.m.c.i.embedder.EclipseLogger - Using 'UTF-8' encoding to copy filtered resources.
2021-02-17 05:05:22,413 [Worker-29] INFO  o.e.m.c.i.embedder.EclipseLogger - Using 'UTF-8' encoding to copy filtered properties files.
2021-02-17 05:05:22,414 [Worker-29] INFO  o.e.m.c.i.embedder.EclipseLogger - Copying 1 resource
2021-02-17 05:05:22,433 [Worker-29] INFO  o.e.m.c.i.embedder.EclipseLogger - Copying 0 resource
2021-02-17 05:05:22,435 [Worker-29] INFO  o.e.m.c.i.embedder.EclipseLogger - Using 'UTF-8' encoding to copy filtered resources.
2021-02-17 05:05:22,435 [Worker-29] INFO  o.e.m.c.i.embedder.EclipseLogger - Using 'UTF-8' encoding to copy filtered properties files.
2021-02-17 05:05:22,436 [Worker-29] INFO  o.e.m.c.i.embedder.EclipseLogger - skip non existing resourceDirectory C:\Snehal\MS\Semester4\ExtraProjects\Mavan\restful-web-services\restful-web-services\src\test\resources
2021-02-17 05:05:37,476 [Worker-29] INFO  o.e.m.c.i.embedder.EclipseLogger - Using 'UTF-8' encoding to copy filtered resources.
2021-02-17 05:05:37,476 [Worker-29] INFO  o.e.m.c.i.embedder.EclipseLogger - Using 'UTF-8' encoding to copy filtered properties files.
2021-02-17 05:05:37,477 [Worker-29] INFO  o.e.m.c.i.embedder.EclipseLogger - Copying 1 resource
2021-02-17 05:05:37,482 [Worker-29] INFO  o.e.m.c.i.embedder.EclipseLogger - Copying 0 resource
2021-02-17 05:05:37,483 [Worker-29] INFO  o.e.m.c.i.embedder.EclipseLogger - Using 'UTF-8' encoding to copy filtered resources.
2021-02-17 05:05:37,484 [Worker-29] INFO  o.e.m.c.i.embedder.EclipseLogger - Using 'UTF-8' encoding to copy filtered properties files.
2021-02-17 05:05:37,484 [Worker-29] INFO  o.e.m.c.i.embedder.EclipseLogger - skip non existing resourceDirectory C:\Snehal\MS\Semester4\ExtraProjects\Mavan\restful-web-services\restful-web-services\src\test\resources
2021-02-17 05:06:17,481 [Worker-30] INFO  o.e.m.c.i.embedder.EclipseLogger - Using 'UTF-8' encoding to copy filtered resources.
2021-02-17 05:06:17,481 [Worker-30] INFO  o.e.m.c.i.embedder.EclipseLogger - Using 'UTF-8' encoding to copy filtered properties files.
2021-02-17 05:06:17,482 [Worker-30] INFO  o.e.m.c.i.embedder.EclipseLogger - Copying 1 resource
2021-02-17 05:06:17,489 [Worker-30] INFO  o.e.m.c.i.embedder.EclipseLogger - Copying 0 resource
2021-02-17 05:06:17,490 [Worker-30] INFO  o.e.m.c.i.embedder.EclipseLogger - Using 'UTF-8' encoding to copy filtered resources.
2021-02-17 05:06:17,490 [Worker-30] INFO  o.e.m.c.i.embedder.EclipseLogger - Using 'UTF-8' encoding to copy filtered properties files.
2021-02-17 05:06:17,491 [Worker-30] INFO  o.e.m.c.i.embedder.EclipseLogger - skip non existing resourceDirectory C:\Snehal\MS\Semester4\ExtraProjects\Mavan\restful-web-services\restful-web-services\src\test\resources
2021-02-17 05:06:54,194 [Worker-16] INFO  o.e.m.c.i.embedder.EclipseLogger - Using 'UTF-8' encoding to copy filtered resources.
2021-02-17 05:06:54,194 [Worker-16] INFO  o.e.m.c.i.embedder.EclipseLogger - Using 'UTF-8' encoding to copy filtered properties files.
2021-02-17 05:06:54,195 [Worker-16] INFO  o.e.m.c.i.embedder.EclipseLogger - Copying 1 resource
2021-02-17 05:06:54,201 [Worker-16] INFO  o.e.m.c.i.embedder.EclipseLogger - Copying 0 resource
2021-02-17 05:06:54,203 [Worker-16] INFO  o.e.m.c.i.embedder.EclipseLogger - Using 'UTF-8' encoding to copy filtered resources.
2021-02-17 05:06:54,203 [Worker-16] INFO  o.e.m.c.i.embedder.EclipseLogger - Using 'UTF-8' encoding to copy filtered properties files.
2021-02-17 05:06:54,203 [Worker-16] INFO  o.e.m.c.i.embedder.EclipseLogger - skip non existing resourceDirectory C:\Snehal\MS\Semester4\ExtraProjects\Mavan\restful-web-services\restful-web-services\src\test\resources
2021-02-17 05:07:54,400 [Worker-31] INFO  o.e.m.c.i.embedder.EclipseLogger - Using 'UTF-8' encoding to copy filtered resources.
2021-02-17 05:07:54,400 [Worker-31] INFO  o.e.m.c.i.embedder.EclipseLogger - Using 'UTF-8' encoding to copy filtered properties files.
2021-02-17 05:07:54,401 [Worker-31] INFO  o.e.m.c.i.embedder.EclipseLogger - Copying 1 resource
2021-02-17 05:07:54,419 [Worker-31] INFO  o.e.m.c.i.embedder.EclipseLogger - Copying 0 resource
2021-02-17 05:07:54,421 [Worker-31] INFO  o.e.m.c.i.embedder.EclipseLogger - Using 'UTF-8' encoding to copy filtered resources.
2021-02-17 05:07:54,421 [Worker-31] INFO  o.e.m.c.i.embedder.EclipseLogger - Using 'UTF-8' encoding to copy filtered properties files.
2021-02-17 05:07:54,421 [Worker-31] INFO  o.e.m.c.i.embedder.EclipseLogger - skip non existing resourceDirectory C:\Snehal\MS\Semester4\ExtraProjects\Mavan\restful-web-services\restful-web-services\src\test\resources
2021-02-17 05:07:57,637 [Worker-30] INFO  o.e.m.c.i.embedder.EclipseLogger - Using 'UTF-8' encoding to copy filtered resources.
2021-02-17 05:07:57,637 [Worker-30] INFO  o.e.m.c.i.embedder.EclipseLogger - Using 'UTF-8' encoding to copy filtered properties files.
2021-02-17 05:07:57,638 [Worker-30] INFO  o.e.m.c.i.embedder.EclipseLogger - Copying 1 resource
2021-02-17 05:07:57,644 [Worker-30] INFO  o.e.m.c.i.embedder.EclipseLogger - Copying 0 resource
2021-02-17 05:07:57,645 [Worker-30] INFO  o.e.m.c.i.embedder.EclipseLogger - Using 'UTF-8' encoding to copy filtered resources.
2021-02-17 05:07:57,645 [Worker-30] INFO  o.e.m.c.i.embedder.EclipseLogger - Using 'UTF-8' encoding to copy filtered properties files.
2021-02-17 05:07:57,645 [Worker-30] INFO  o.e.m.c.i.embedder.EclipseLogger - skip non existing resourceDirectory C:\Snehal\MS\Semester4\ExtraProjects\Mavan\restful-web-services\restful-web-services\src\test\resources
2021-02-17 05:08:45,104 [Worker-16] INFO  o.e.m.c.i.embedder.EclipseLogger - Using 'UTF-8' encoding to copy filtered resources.
2021-02-17 05:08:45,104 [Worker-16] INFO  o.e.m.c.i.embedder.EclipseLogger - Using 'UTF-8' encoding to copy filtered properties files.
2021-02-17 05:08:45,105 [Worker-16] INFO  o.e.m.c.i.embedder.EclipseLogger - Copying 1 resource
2021-02-17 05:08:45,113 [Worker-16] INFO  o.e.m.c.i.embedder.EclipseLogger - Copying 0 resource
2021-02-17 05:08:45,114 [Worker-16] INFO  o.e.m.c.i.embedder.EclipseLogger - Using 'UTF-8' encoding to copy filtered resources.
2021-02-17 05:08:45,114 [Worker-16] INFO  o.e.m.c.i.embedder.EclipseLogger - Using 'UTF-8' encoding to copy filtered properties files.
2021-02-17 05:08:45,114 [Worker-16] INFO  o.e.m.c.i.embedder.EclipseLogger - skip non existing resourceDirectory C:\Snehal\MS\Semester4\ExtraProjects\Mavan\restful-web-services\restful-web-services\src\test\resources
2021-02-17 05:10:40,500 [Worker-32] INFO  o.e.m.c.i.embedder.EclipseLogger - Using 'UTF-8' encoding to copy filtered resources.
2021-02-17 05:10:40,501 [Worker-32] INFO  o.e.m.c.i.embedder.EclipseLogger - Using 'UTF-8' encoding to copy filtered properties files.
2021-02-17 05:10:40,502 [Worker-32] INFO  o.e.m.c.i.embedder.EclipseLogger - Copying 1 resource
2021-02-17 05:10:40,526 [Worker-32] INFO  o.e.m.c.i.embedder.EclipseLogger - Copying 0 resource
2021-02-17 05:10:40,527 [Worker-32] INFO  o.e.m.c.i.embedder.EclipseLogger - Using 'UTF-8' encoding to copy filtered resources.
2021-02-17 05:10:40,527 [Worker-32] INFO  o.e.m.c.i.embedder.EclipseLogger - Using 'UTF-8' encoding to copy filtered properties files.
2021-02-17 05:10:40,527 [Worker-32] INFO  o.e.m.c.i.embedder.EclipseLogger - skip non existing resourceDirectory C:\Snehal\MS\Semester4\ExtraProjects\Mavan\restful-web-services\restful-web-services\src\test\resources
2021-02-17 05:12:45,525 [Worker-16] INFO  o.e.m.c.i.embedder.EclipseLogger - Using 'UTF-8' encoding to copy filtered resources.
2021-02-17 05:12:45,525 [Worker-16] INFO  o.e.m.c.i.embedder.EclipseLogger - Using 'UTF-8' encoding to copy filtered properties files.
2021-02-17 05:12:45,526 [Worker-16] INFO  o.e.m.c.i.embedder.EclipseLogger - Copying 1 resource
2021-02-17 05:12:45,531 [Worker-16] INFO  o.e.m.c.i.embedder.EclipseLogger - Copying 0 resource
2021-02-17 05:12:45,533 [Worker-16] INFO  o.e.m.c.i.embedder.EclipseLogger - Using 'UTF-8' encoding to copy filtered resources.
2021-02-17 05:12:45,533 [Worker-16] INFO  o.e.m.c.i.embedder.EclipseLogger - Using 'UTF-8' encoding to copy filtered properties files.
2021-02-17 05:12:45,533 [Worker-16] INFO  o.e.m.c.i.embedder.EclipseLogger - skip non existing resourceDirectory C:\Snehal\MS\Semester4\ExtraProjects\Mavan\restful-web-services\restful-web-services\src\test\resources
2021-02-17 05:14:00,590 [Worker-34] INFO  o.e.m.c.i.embedder.EclipseLogger - Using 'UTF-8' encoding to copy filtered resources.
2021-02-17 05:14:00,591 [Worker-34] INFO  o.e.m.c.i.embedder.EclipseLogger - Using 'UTF-8' encoding to copy filtered properties files.
2021-02-17 05:14:00,591 [Worker-34] INFO  o.e.m.c.i.embedder.EclipseLogger - Copying 1 resource
2021-02-17 05:14:00,611 [Worker-34] INFO  o.e.m.c.i.embedder.EclipseLogger - Copying 0 resource
2021-02-17 05:14:00,613 [Worker-34] INFO  o.e.m.c.i.embedder.EclipseLogger - Using 'UTF-8' encoding to copy filtered resources.
2021-02-17 05:14:00,613 [Worker-34] INFO  o.e.m.c.i.embedder.EclipseLogger - Using 'UTF-8' encoding to copy filtered properties files.
2021-02-17 05:14:00,613 [Worker-34] INFO  o.e.m.c.i.embedder.EclipseLogger - skip non existing resourceDirectory C:\Snehal\MS\Semester4\ExtraProjects\Mavan\restful-web-services\restful-web-services\src\test\resources
2021-02-17 20:28:34,020 [Worker-247] INFO  o.e.m.c.i.embedder.EclipseLogger - Using 'UTF-8' encoding to copy filtered resources.
2021-02-17 20:28:34,020 [Worker-247] INFO  o.e.m.c.i.embedder.EclipseLogger - Using 'UTF-8' encoding to copy filtered properties files.
2021-02-17 20:28:34,022 [Worker-247] INFO  o.e.m.c.i.embedder.EclipseLogger - Copying 1 resource
2021-02-17 20:28:34,045 [Worker-247] INFO  o.e.m.c.i.embedder.EclipseLogger - Copying 0 resource
2021-02-17 20:28:34,048 [Worker-247] INFO  o.e.m.c.i.embedder.EclipseLogger - Using 'UTF-8' encoding to copy filtered resources.
2021-02-17 20:28:34,048 [Worker-247] INFO  o.e.m.c.i.embedder.EclipseLogger - Using 'UTF-8' encoding to copy filtered properties files.
2021-02-17 20:28:34,049 [Worker-247] INFO  o.e.m.c.i.embedder.EclipseLogger - skip non existing resourceDirectory C:\Snehal\MS\Semester4\ExtraProjects\Mavan\restful-web-services\restful-web-services\src\test\resources
2021-02-17 22:01:39,563 [Worker-277] INFO  o.e.m.c.i.embedder.EclipseLogger - Using 'UTF-8' encoding to copy filtered resources.
2021-02-17 22:01:39,563 [Worker-277] INFO  o.e.m.c.i.embedder.EclipseLogger - Using 'UTF-8' encoding to copy filtered properties files.
2021-02-17 22:01:39,563 [Worker-277] INFO  o.e.m.c.i.embedder.EclipseLogger - Copying 1 resource
2021-02-17 22:01:39,594 [Worker-277] INFO  o.e.m.c.i.embedder.EclipseLogger - Copying 0 resource
2021-02-17 22:01:39,594 [Worker-277] INFO  o.e.m.c.i.embedder.EclipseLogger - Using 'UTF-8' encoding to copy filtered resources.
2021-02-17 22:01:39,594 [Worker-277] INFO  o.e.m.c.i.embedder.EclipseLogger - Using 'UTF-8' encoding to copy filtered properties files.
2021-02-17 22:01:39,594 [Worker-277] INFO  o.e.m.c.i.embedder.EclipseLogger - skip non existing resourceDirectory C:\Snehal\MS\Semester4\ExtraProjects\Mavan\restful-web-services\restful-web-services\src\test\resources
2021-02-17 22:01:57,749 [Worker-280] INFO  o.e.m.c.i.embedder.EclipseLogger - Using 'UTF-8' encoding to copy filtered resources.
2021-02-17 22:01:57,749 [Worker-280] INFO  o.e.m.c.i.embedder.EclipseLogger - Using 'UTF-8' encoding to copy filtered properties files.
2021-02-17 22:01:57,749 [Worker-280] INFO  o.e.m.c.i.embedder.EclipseLogger - Copying 1 resource
2021-02-17 22:01:57,764 [Worker-280] INFO  o.e.m.c.i.embedder.EclipseLogger - Copying 0 resource
2021-02-17 22:01:57,764 [Worker-280] INFO  o.e.m.c.i.embedder.EclipseLogger - Using 'UTF-8' encoding to copy filtered resources.
2021-02-17 22:01:57,764 [Worker-280] INFO  o.e.m.c.i.embedder.EclipseLogger - Using 'UTF-8' encoding to copy filtered properties files.
2021-02-17 22:01:57,764 [Worker-280] INFO  o.e.m.c.i.embedder.EclipseLogger - skip non existing resourceDirectory C:\Snehal\MS\Semester4\ExtraProjects\Mavan\restful-web-services\restful-web-services\src\test\resources
2021-02-17 22:03:41,455 [Worker-273] INFO  o.e.m.c.i.embedder.EclipseLogger - Using 'UTF-8' encoding to copy filtered resources.
2021-02-17 22:03:41,455 [Worker-273] INFO  o.e.m.c.i.embedder.EclipseLogger - Using 'UTF-8' encoding to copy filtered properties files.
2021-02-17 22:03:41,470 [Worker-273] INFO  o.e.m.c.i.embedder.EclipseLogger - Copying 1 resource
2021-02-17 22:03:41,470 [Worker-273] INFO  o.e.m.c.i.embedder.EclipseLogger - Copying 0 resource
2021-02-17 22:03:41,470 [Worker-273] INFO  o.e.m.c.i.embedder.EclipseLogger - Using 'UTF-8' encoding to copy filtered resources.
2021-02-17 22:03:41,470 [Worker-273] INFO  o.e.m.c.i.embedder.EclipseLogger - Using 'UTF-8' encoding to copy filtered properties files.
2021-02-17 22:03:41,470 [Worker-273] INFO  o.e.m.c.i.embedder.EclipseLogger - skip non existing resourceDirectory C:\Snehal\MS\Semester4\ExtraProjects\Mavan\restful-web-services\restful-web-services\src\test\resources
2021-02-17 22:09:41,857 [Worker-2] INFO  c.g.t.t.d.PublishedGradleVersions - Gradle version information cache is up-to-date. Trying to read.
2021-02-17 22:10:36,333 [Worker-0] INFO  c.g.t.t.d.PublishedGradleVersions - Gradle version information cache is up-to-date. Trying to read.
2021-02-17 23:03:39,847 [Worker-0] INFO  c.g.t.t.d.PublishedGradleVersions - Gradle version information cache is up-to-date. Trying to read.
2021-02-17 23:04:34,357 [Worker-17] INFO  o.e.m.c.i.l.LifecycleMappingFactory - Using org.eclipse.m2e.jdt.JarLifecycleMapping lifecycle mapping for MavenProject: com.todoapp.rest.webservices:restful-web-services:0.0.1-SNAPSHOT @ C:\Snehal\MS\Semester4\ExtraProjects\todo-app\Mavan\restful-web-services\restful-web-services\pom.xml.
2021-02-17 23:04:35,046 [Worker-17] WARN  o.e.m.j.i.AbstractJavaProjectConfigurator - Could not determine source level, using default 1.5
2021-02-17 23:04:35,047 [Worker-17] WARN  o.e.m.j.i.AbstractJavaProjectConfigurator - Could not determine target level, using default 1.5
2021-02-17 23:04:35,315 [Worker-17] INFO  o.e.m.j.i.AbstractJavaProjectConfigurator - Adding source folder /restful-web-services/src/main/java
2021-02-17 23:04:35,316 [Worker-17] INFO  o.e.m.j.i.AbstractJavaProjectConfigurator - Adding resource folder /restful-web-services/src/main/resources
2021-02-17 23:04:35,316 [Worker-17] INFO  o.e.m.j.i.AbstractJavaProjectConfigurator - Adding resource folder /restful-web-services/src/main/resources
2021-02-17 23:04:35,317 [Worker-17] INFO  o.e.m.j.i.AbstractJavaProjectConfigurator - Adding source folder /restful-web-services/src/test/java
2021-02-17 23:04:35,732 [Worker-17] INFO  o.e.m.c.i.p.ProjectConfigurationManager - Imported and configured 1 project(s) in 2 sec
2021-02-17 23:04:37,843 [Worker-18] INFO  o.e.m.c.i.embedder.EclipseLogger - Using 'UTF-8' encoding to copy filtered resources.
2021-02-17 23:04:37,843 [Worker-18] INFO  o.e.m.c.i.embedder.EclipseLogger - Using 'UTF-8' encoding to copy filtered properties files.
2021-02-17 23:04:37,849 [Worker-18] INFO  o.e.m.c.i.embedder.EclipseLogger - Copying 1 resource
2021-02-17 23:04:37,875 [Worker-18] INFO  o.e.m.c.i.embedder.EclipseLogger - Copying 0 resource
2021-02-17 23:04:37,879 [Worker-18] INFO  o.e.m.c.i.embedder.EclipseLogger - Using 'UTF-8' encoding to copy filtered resources.
2021-02-17 23:04:37,879 [Worker-18] INFO  o.e.m.c.i.embedder.EclipseLogger - Using 'UTF-8' encoding to copy filtered properties files.
2021-02-17 23:04:37,879 [Worker-18] INFO  o.e.m.c.i.embedder.EclipseLogger - skip non existing resourceDirectory C:\Snehal\MS\Semester4\ExtraProjects\todo-app\Mavan\restful-web-services\restful-web-services\src\test\resources
